<?xml version="1.0" encoding="UTF-8"?>
<testsuite xmlns:xsi="http://www.w3.org/2001/XMLSchema-instance" xsi:noNamespaceSchemaLocation="https://maven.apache.org/surefire/maven-surefire-plugin/xsd/surefire-test-report.xsd" version="3.0.2" name="runner.TestRunner" time="173.84" tests="14" errors="0" skipped="0" failures="2">
  <properties>
[...]
</properties>
  <testcase name="Login with valid credentials #1" classname="Login Functionality" time="16.035">
    <system-out><![CDATA[
@all
Scenario Outline: Login with valid credentials          &amp#27;[90m# src/test/resources/features/Login.feature:15&amp#27;[0m
  &amp#27;[32mGiven &amp#27;[0m&amp#27;[32mUser navigates to login page&amp#27;[0m                    &amp#27;[90m# stepdefinitions.Login.user_navigates_to_login_page()&amp#27;[0m
  &amp#27;[32mWhen &amp#27;[0m&amp#27;[32mUser enters valid email address &amp#27;[0m&amp#27;[32m&amp#27;[1msujay1@gmail.com&amp#27;[0m &amp#27;[90m# stepdefinitions.Login.user_enters_valid_email_address(java.lang.String)&amp#27;[0m
  &amp#27;[32mAnd &amp#27;[0m&amp#27;[32mUser enters valid password &amp#27;[0m&amp#27;[32m&amp#27;[1m12345&amp#27;[0m                  &amp#27;[90m# stepdefinitions.Login.user_enters_valid_password(java.lang.String)&amp#27;[0m
  &amp#27;[32mAnd &amp#27;[0m&amp#27;[32mUser clicks on login button&amp#27;[0m                       &amp#27;[90m# stepdefinitions.Login.user_clicks_on_login_button()&amp#27;[0m
  &amp#27;[32mThen &amp#27;[0m&amp#27;[32mUser should login successfully&amp#27;[0m                   &amp#27;[90m# stepdefinitions.Login.user_should_login_successfully()&amp#27;[0m
]]></system-out>
    <system-err><![CDATA[Mar 19, 2025 11:37:01 PM org.openqa.selenium.devtools.CdpVersionFinder findNearestMatch
WARNING: Unable to find an exact match for CDP version 134, returning the closest version; found: 132; Please update to a Selenium version that supports CDP version 134
]]></system-err>
  </testcase>
  <testcase name="Login with valid credentials #2" classname="Login Functionality" time="12.591">
    <system-out><![CDATA[
@all
Scenario Outline: Login with valid credentials          &amp#27;[90m# src/test/resources/features/Login.feature:16&amp#27;[0m
  &amp#27;[32mGiven &amp#27;[0m&amp#27;[32mUser navigates to login page&amp#27;[0m                    &amp#27;[90m# stepdefinitions.Login.user_navigates_to_login_page()&amp#27;[0m
  &amp#27;[32mWhen &amp#27;[0m&amp#27;[32mUser enters valid email address &amp#27;[0m&amp#27;[32m&amp#27;[1msujay2@gmail.com&amp#27;[0m &amp#27;[90m# stepdefinitions.Login.user_enters_valid_email_address(java.lang.String)&amp#27;[0m
  &amp#27;[32mAnd &amp#27;[0m&amp#27;[32mUser enters valid password &amp#27;[0m&amp#27;[32m&amp#27;[1m12345&amp#27;[0m                  &amp#27;[90m# stepdefinitions.Login.user_enters_valid_password(java.lang.String)&amp#27;[0m
  &amp#27;[32mAnd &amp#27;[0m&amp#27;[32mUser clicks on login button&amp#27;[0m                       &amp#27;[90m# stepdefinitions.Login.user_clicks_on_login_button()&amp#27;[0m
  &amp#27;[32mThen &amp#27;[0m&amp#27;[32mUser should login successfully&amp#27;[0m                   &amp#27;[90m# stepdefinitions.Login.user_should_login_successfully()&amp#27;[0m
]]></system-out>
    <system-err><![CDATA[Mar 19, 2025 11:37:14 PM org.openqa.selenium.devtools.CdpVersionFinder findNearestMatch
WARNING: Unable to find an exact match for CDP version 134, returning the closest version; found: 132; Please update to a Selenium version that supports CDP version 134
]]></system-err>
  </testcase>
  <testcase name="Login with valid credentials #3" classname="Login Functionality" time="12.482">
    <system-out><![CDATA[
@all
Scenario Outline: Login with valid credentials          &amp#27;[90m# src/test/resources/features/Login.feature:17&amp#27;[0m
  &amp#27;[32mGiven &amp#27;[0m&amp#27;[32mUser navigates to login page&amp#27;[0m                    &amp#27;[90m# stepdefinitions.Login.user_navigates_to_login_page()&amp#27;[0m
  &amp#27;[32mWhen &amp#27;[0m&amp#27;[32mUser enters valid email address &amp#27;[0m&amp#27;[32m&amp#27;[1msujay3@gmail.com&amp#27;[0m &amp#27;[90m# stepdefinitions.Login.user_enters_valid_email_address(java.lang.String)&amp#27;[0m
  &amp#27;[32mAnd &amp#27;[0m&amp#27;[32mUser enters valid password &amp#27;[0m&amp#27;[32m&amp#27;[1m12345&amp#27;[0m                  &amp#27;[90m# stepdefinitions.Login.user_enters_valid_password(java.lang.String)&amp#27;[0m
  &amp#27;[32mAnd &amp#27;[0m&amp#27;[32mUser clicks on login button&amp#27;[0m                       &amp#27;[90m# stepdefinitions.Login.user_clicks_on_login_button()&amp#27;[0m
  &amp#27;[32mThen &amp#27;[0m&amp#27;[32mUser should login successfully&amp#27;[0m                   &amp#27;[90m# stepdefinitions.Login.user_should_login_successfully()&amp#27;[0m
]]></system-out>
    <system-err><![CDATA[Mar 19, 2025 11:37:26 PM org.openqa.selenium.devtools.CdpVersionFinder findNearestMatch
WARNING: Unable to find an exact match for CDP version 134, returning the closest version; found: 132; Please update to a Selenium version that supports CDP version 134
]]></system-err>
  </testcase>
  <testcase name="Login with invalid credentials" classname="Login Functionality" time="11.818">
    <system-out><![CDATA[
@all
Scenario: Login with invalid credentials       &amp#27;[90m# src/test/resources/features/Login.feature:19&amp#27;[0m
  &amp#27;[32mGiven &amp#27;[0m&amp#27;[32mUser navigates to login page&amp#27;[0m           &amp#27;[90m# stepdefinitions.Login.user_navigates_to_login_page()&amp#27;[0m
  &amp#27;[32mWhen &amp#27;[0m&amp#27;[32mUser enters invalid email address&amp#27;[0m       &amp#27;[90m# stepdefinitions.Login.user_enters_invalid_email_address()&amp#27;[0m
  &amp#27;[32mAnd &amp#27;[0m&amp#27;[32mUser enters invalid password &amp#27;[0m&amp#27;[32m&amp#27;[1m"12345"&amp#27;[0m     &amp#27;[90m# stepdefinitions.Login.user_enters_invalid_password(java.lang.String)&amp#27;[0m
  &amp#27;[32mAnd &amp#27;[0m&amp#27;[32mUser clicks on login button&amp#27;[0m              &amp#27;[90m# stepdefinitions.Login.user_clicks_on_login_button()&amp#27;[0m
  &amp#27;[32mThen &amp#27;[0m&amp#27;[32mUser should get proper warning messsage&amp#27;[0m &amp#27;[90m# stepdefinitions.Login.user_should_get_proper_warning_messsage()&amp#27;[0m
]]></system-out>
    <system-err><![CDATA[Mar 19, 2025 11:37:39 PM org.openqa.selenium.devtools.CdpVersionFinder findNearestMatch
WARNING: Unable to find an exact match for CDP version 134, returning the closest version; found: 132; Please update to a Selenium version that supports CDP version 134
]]></system-err>
  </testcase>
  <testcase name="Login with valid email and invalid password" classname="Login Functionality" time="11.252">
    <system-out><![CDATA[
@all
Scenario: Login with valid email and invalid password             &amp#27;[90m# src/test/resources/features/Login.feature:25&amp#27;[0m
  &amp#27;[32mGiven &amp#27;[0m&amp#27;[32mUser navigates to login page&amp#27;[0m                              &amp#27;[90m# stepdefinitions.Login.user_navigates_to_login_page()&amp#27;[0m
  &amp#27;[32mWhen &amp#27;[0m&amp#27;[32mUser enters valid email address &amp#27;[0m&amp#27;[32m&amp#27;[1m"sujaykekare111@gmail.com"&amp#27;[0m &amp#27;[90m# stepdefinitions.Login.user_enters_valid_email_address(java.lang.String)&amp#27;[0m
  &amp#27;[32mAnd &amp#27;[0m&amp#27;[32mUser enters invalid password &amp#27;[0m&amp#27;[32m&amp#27;[1m"6789"&amp#27;[0m                         &amp#27;[90m# stepdefinitions.Login.user_enters_invalid_password(java.lang.String)&amp#27;[0m
  &amp#27;[32mAnd &amp#27;[0m&amp#27;[32mUser clicks on login button&amp#27;[0m                                 &amp#27;[90m# stepdefinitions.Login.user_clicks_on_login_button()&amp#27;[0m
  &amp#27;[32mThen &amp#27;[0m&amp#27;[32mUser should get proper warning messsage&amp#27;[0m                    &amp#27;[90m# stepdefinitions.Login.user_should_get_proper_warning_messsage()&amp#27;[0m
]]></system-out>
    <system-err><![CDATA[Mar 19, 2025 11:37:50 PM org.openqa.selenium.devtools.CdpVersionFinder findNearestMatch
WARNING: Unable to find an exact match for CDP version 134, returning the closest version; found: 132; Please update to a Selenium version that supports CDP version 134
]]></system-err>
  </testcase>
  <testcase name="Login with invalid email and valid password" classname="Login Functionality" time="11.109">
    <system-out><![CDATA[
@all
Scenario: Login with invalid email and valid password &amp#27;[90m# src/test/resources/features/Login.feature:31&amp#27;[0m
  &amp#27;[32mGiven &amp#27;[0m&amp#27;[32mUser navigates to login page&amp#27;[0m                  &amp#27;[90m# stepdefinitions.Login.user_navigates_to_login_page()&amp#27;[0m
  &amp#27;[32mWhen &amp#27;[0m&amp#27;[32mUser enters invalid email address&amp#27;[0m              &amp#27;[90m# stepdefinitions.Login.user_enters_invalid_email_address()&amp#27;[0m
  &amp#27;[32mAnd &amp#27;[0m&amp#27;[32mUser enters valid password &amp#27;[0m&amp#27;[32m&amp#27;[1m"12345"&amp#27;[0m              &amp#27;[90m# stepdefinitions.Login.user_enters_valid_password(java.lang.String)&amp#27;[0m
  &amp#27;[32mAnd &amp#27;[0m&amp#27;[32mUser clicks on login button&amp#27;[0m                     &amp#27;[90m# stepdefinitions.Login.user_clicks_on_login_button()&amp#27;[0m
  &amp#27;[32mThen &amp#27;[0m&amp#27;[32mUser should get proper warning messsage&amp#27;[0m        &amp#27;[90m# stepdefinitions.Login.user_should_get_proper_warning_messsage()&amp#27;[0m
]]></system-out>
    <system-err><![CDATA[Mar 19, 2025 11:38:01 PM org.openqa.selenium.devtools.CdpVersionFinder findNearestMatch
WARNING: Unable to find an exact match for CDP version 134, returning the closest version; found: 132; Please update to a Selenium version that supports CDP version 134
]]></system-err>
  </testcase>
  <testcase name="Login with no credentials" classname="Login Functionality" time="11.188">
    <failure type="java.lang.AssertionError"><![CDATA[java.lang.AssertionError
	at org.junit.Assert.fail(Assert.java:86)
	at org.junit.Assert.fail(Assert.java:95)
	at stepdefinitions.Login.user_do_not_enter_email_address(Login.java:70)
	at ✽.User do not enter email address(file:///C:/Users/Administrator/BDD_Cucumber_Framework/BDDCucumberProject/src/test/resources/features/Login.feature:38)
]]></failure>
    <system-out><![CDATA[
@all
Scenario: Login with no credentials            &amp#27;[90m# src/test/resources/features/Login.feature:37&amp#27;[0m
  &amp#27;[32mGiven &amp#27;[0m&amp#27;[32mUser navigates to login page&amp#27;[0m           &amp#27;[90m# stepdefinitions.Login.user_navigates_to_login_page()&amp#27;[0m
  &amp#27;[31mWhen &amp#27;[0m&amp#27;[31mUser do not enter email address&amp#27;[0m         &amp#27;[90m# stepdefinitions.Login.user_do_not_enter_email_address()&amp#27;[0m
      &amp#27;[31mjava.lang.AssertionError
	at org.junit.Assert.fail(Assert.java:86)
	at org.junit.Assert.fail(Assert.java:95)
	at stepdefinitions.Login.user_do_not_enter_email_address(Login.java:70)
	at âœ½.User do not enter email address(file:///C:/Users/Administrator/BDD_Cucumber_Framework/BDDCucumberProject/src/test/resources/features/Login.feature:38)
&amp#27;[0m
  &amp#27;[36mAnd &amp#27;[0m&amp#27;[36mUser do not enter password&amp#27;[0m               &amp#27;[90m# stepdefinitions.Login.user_do_not_enter_password()&amp#27;[0m
  &amp#27;[36mAnd &amp#27;[0m&amp#27;[36mUser clicks on login button&amp#27;[0m              &amp#27;[90m# stepdefinitions.Login.user_clicks_on_login_button()&amp#27;[0m
  &amp#27;[36mThen &amp#27;[0m&amp#27;[36mUser should get proper warning messsage&amp#27;[0m &amp#27;[90m# stepdefinitions.Login.user_should_get_proper_warning_messsage()&amp#27;[0m

    Embedding Login_with_no_credentials [image/png 58133 bytes]

]]></system-out>
    <system-err><![CDATA[Mar 19, 2025 11:38:12 PM org.openqa.selenium.devtools.CdpVersionFinder findNearestMatch
WARNING: Unable to find an exact match for CDP version 134, returning the closest version; found: 132; Please update to a Selenium version that supports CDP version 134
]]></system-err>
  </testcase>
  <testcase name="Register with mandatory fields" classname="Register functionality" time="12.44">
    <system-out><![CDATA[
@smok
Scenario: Register with mandatory fields        &amp#27;[90m# src/test/resources/features/Register.feature:7&amp#27;[0m
  &amp#27;[32mGiven &amp#27;[0m&amp#27;[32mUser navigates to Register account page&amp#27;[0m &amp#27;[90m# stepdefinitions.Register.user_navigates_to_register_account_page()&amp#27;[0m
  &amp#27;[32mWhen &amp#27;[0m&amp#27;[32mUser enters below details into fields&amp#27;[0m    &amp#27;[90m# stepdefinitions.Register.User_enters_below_details_into_fields(io.cucumber.datatable.DataTable)&amp#27;[0m
    | firstname | sujay  |
    | lastname  | kekare |
    | telephone | 1234   |
    | password  | 1234   |
  &amp#27;[32mAnd &amp#27;[0m&amp#27;[32mSelects Privacy Policy field&amp#27;[0m              &amp#27;[90m# stepdefinitions.Register.selects_privacy_policy_field()&amp#27;[0m
  &amp#27;[32mAnd &amp#27;[0m&amp#27;[32mClicks on Continue button&amp#27;[0m                 &amp#27;[90m# stepdefinitions.Register.clicks_on_continue_button()&amp#27;[0m
  &amp#27;[32mThen &amp#27;[0m&amp#27;[32mAccount should be successfully created&amp#27;[0m   &amp#27;[90m# stepdefinitions.Register.account_should_be_successfully_created()&amp#27;[0m
]]></system-out>
    <system-err><![CDATA[Mar 19, 2025 11:38:24 PM org.openqa.selenium.devtools.CdpVersionFinder findNearestMatch
WARNING: Unable to find an exact match for CDP version 134, returning the closest version; found: 132; Please update to a Selenium version that supports CDP version 134
]]></system-err>
  </testcase>
  <testcase name="Register with all fields" classname="Register functionality" time="12.415">
    <system-out><![CDATA[
@smok
Scenario: Register with all fields              &amp#27;[90m# src/test/resources/features/Register.feature:17&amp#27;[0m
  &amp#27;[32mGiven &amp#27;[0m&amp#27;[32mUser navigates to Register account page&amp#27;[0m &amp#27;[90m# stepdefinitions.Register.user_navigates_to_register_account_page()&amp#27;[0m
  &amp#27;[32mWhen &amp#27;[0m&amp#27;[32mUser enters below details into fields&amp#27;[0m    &amp#27;[90m# stepdefinitions.Register.User_enters_below_details_into_fields(io.cucumber.datatable.DataTable)&amp#27;[0m
    | firstname | sujay  |
    | lastname  | kekare |
    | telephone | 1234   |
    | password  | 1234   |
  &amp#27;[32mAnd &amp#27;[0m&amp#27;[32mSelects Yes for Newsletter&amp#27;[0m                &amp#27;[90m# stepdefinitions.Register.selects_yes_for_newsletter()&amp#27;[0m
  &amp#27;[32mAnd &amp#27;[0m&amp#27;[32mSelects Privacy Policy field&amp#27;[0m              &amp#27;[90m# stepdefinitions.Register.selects_privacy_policy_field()&amp#27;[0m
  &amp#27;[32mAnd &amp#27;[0m&amp#27;[32mClicks on Continue button&amp#27;[0m                 &amp#27;[90m# stepdefinitions.Register.clicks_on_continue_button()&amp#27;[0m
  &amp#27;[32mThen &amp#27;[0m&amp#27;[32mAccount should be successfully created&amp#27;[0m   &amp#27;[90m# stepdefinitions.Register.account_should_be_successfully_created()&amp#27;[0m
]]></system-out>
    <system-err><![CDATA[Mar 19, 2025 11:38:36 PM org.openqa.selenium.devtools.CdpVersionFinder findNearestMatch
WARNING: Unable to find an exact match for CDP version 134, returning the closest version; found: 132; Please update to a Selenium version that supports CDP version 134
]]></system-err>
  </testcase>
  <testcase name="Register without providing any fields" classname="Register functionality" time="14.987">
    <system-out><![CDATA[
@smok
Scenario: Register without providing any fields                     &amp#27;[90m# src/test/resources/features/Register.feature:28&amp#27;[0m
  &amp#27;[32mGiven &amp#27;[0m&amp#27;[32mUser navigates to Register account page&amp#27;[0m                     &amp#27;[90m# stepdefinitions.Register.user_navigates_to_register_account_page()&amp#27;[0m
  &amp#27;[32mWhen &amp#27;[0m&amp#27;[32mUser dont enter details into any fields&amp#27;[0m                      &amp#27;[90m# stepdefinitions.Register.user_dont_enter_details_into_any_fields()&amp#27;[0m
  &amp#27;[32mAnd &amp#27;[0m&amp#27;[32mClicks on Continue button&amp#27;[0m                                     &amp#27;[90m# stepdefinitions.Register.clicks_on_continue_button()&amp#27;[0m
  &amp#27;[32mThen &amp#27;[0m&amp#27;[32mWarning messages should be displyaed in the mandatory fields&amp#27;[0m &amp#27;[90m# stepdefinitions.Register.warning_messages_should_be_displyaed_in_the_mandatory_fields()&amp#27;[0m
]]></system-out>
    <system-err><![CDATA[Mar 19, 2025 11:38:48 PM org.openqa.selenium.devtools.CdpVersionFinder findNearestMatch
WARNING: Unable to find an exact match for CDP version 134, returning the closest version; found: 132; Please update to a Selenium version that supports CDP version 134
]]></system-err>
  </testcase>
  <testcase name="Register with duplicate email address field" classname="Register functionality" time="13.111">
    <system-out><![CDATA[
@smok
Scenario: Register with duplicate email address field                        &amp#27;[90m# src/test/resources/features/Register.feature:33&amp#27;[0m
  &amp#27;[32mGiven &amp#27;[0m&amp#27;[32mUser navigates to Register account page&amp#27;[0m                              &amp#27;[90m# stepdefinitions.Register.user_navigates_to_register_account_page()&amp#27;[0m
  &amp#27;[32mWhen &amp#27;[0m&amp#27;[32mUser enters below details into fields with duplicate email&amp#27;[0m            &amp#27;[90m# stepdefinitions.Register.User_enters_below_details_into_fields_with_duplicate_email(io.cucumber.datatable.DataTable)&amp#27;[0m
    | firstname | sujay                    |
    | lastname  | kekare                   |
    | email     | sujaykekare123@gmail.com |
    | telephone | 1234                     |
    | password  | 1234                     |
  &amp#27;[32mAnd &amp#27;[0m&amp#27;[32mSelects Privacy Policy field&amp#27;[0m                                           &amp#27;[90m# stepdefinitions.Register.selects_privacy_policy_field()&amp#27;[0m
  &amp#27;[32mAnd &amp#27;[0m&amp#27;[32mClicks on Continue button&amp#27;[0m                                              &amp#27;[90m# stepdefinitions.Register.clicks_on_continue_button()&amp#27;[0m
  &amp#27;[32mThen &amp#27;[0m&amp#27;[32mUser should get proper warning messsage about duplicate email address&amp#27;[0m &amp#27;[90m# stepdefinitions.Register.user_should_get_proper_warning_messsage_about_duplicate_email_address()&amp#27;[0m
]]></system-out>
    <system-err><![CDATA[Mar 19, 2025 11:39:03 PM org.openqa.selenium.devtools.CdpVersionFinder findNearestMatch
WARNING: Unable to find an exact match for CDP version 134, returning the closest version; found: 132; Please update to a Selenium version that supports CDP version 134
]]></system-err>
  </testcase>
  <testcase name="Search for a valid product" classname="Search fuctionality" time="10.549">
    <failure type="java.lang.AssertionError"><![CDATA[java.lang.AssertionError
	at org.junit.Assert.fail(Assert.java:86)
	at org.junit.Assert.fail(Assert.java:95)
	at stepdefinitions.Search.valid_product_should_display_in_search_results(Search.java:68)
	at ✽.Valid product should display in search results(file:///C:/Users/Administrator/BDD_Cucumber_Framework/BDDCucumberProject/src/test/resources/features/Search.feature:11)
]]></failure>
    <system-out><![CDATA[
@search @validproduct @smoke @regression
Scenario: Search for a valid product                    &amp#27;[90m# src/test/resources/features/Search.feature:8&amp#27;[0m
  &amp#27;[32mGiven &amp#27;[0m&amp#27;[32mUser opens the application&amp#27;[0m                      &amp#27;[90m# stepdefinitions.Search.user_opens_the_application()&amp#27;[0m
  &amp#27;[32mWhen &amp#27;[0m&amp#27;[32mUser enters valid product &amp#27;[0m&amp#27;[32m&amp#27;[1m"HP"&amp#27;[0m&amp#27;[32m into Search field&amp#27;[0m &amp#27;[90m# stepdefinitions.Search.user_enters_valid_product_into_search_field(java.lang.String)&amp#27;[0m
  &amp#27;[32mAnd &amp#27;[0m&amp#27;[32mUser clicks on search button&amp#27;[0m                      &amp#27;[90m# stepdefinitions.Search.user_clicks_on_search_button()&amp#27;[0m
  &amp#27;[31mThen &amp#27;[0m&amp#27;[31mValid product should display in search results&amp#27;[0m   &amp#27;[90m# stepdefinitions.Search.valid_product_should_display_in_search_results()&amp#27;[0m
      &amp#27;[31mjava.lang.AssertionError
	at org.junit.Assert.fail(Assert.java:86)
	at org.junit.Assert.fail(Assert.java:95)
	at stepdefinitions.Search.valid_product_should_display_in_search_results(Search.java:68)
	at âœ½.Valid product should display in search results(file:///C:/Users/Administrator/BDD_Cucumber_Framework/BDDCucumberProject/src/test/resources/features/Search.feature:11)
&amp#27;[0m

    Embedding Search_for_a_valid_product [image/png 49730 bytes]

]]></system-out>
    <system-err><![CDATA[Mar 19, 2025 11:39:17 PM org.openqa.selenium.devtools.CdpVersionFinder findNearestMatch
WARNING: Unable to find an exact match for CDP version 134, returning the closest version; found: 132; Please update to a Selenium version that supports CDP version 134
]]></system-err>
  </testcase>
  <testcase name="Search for non-existing product" classname="Search fuctionality" time="10.428">
    <system-out><![CDATA[
@search @non-existingproduct @regression
Scenario: Search for non-existing product                                              &amp#27;[90m# src/test/resources/features/Search.feature:14&amp#27;[0m
  &amp#27;[32mGiven &amp#27;[0m&amp#27;[32mUser opens the application&amp#27;[0m                                                     &amp#27;[90m# stepdefinitions.Search.user_opens_the_application()&amp#27;[0m
  &amp#27;[32mWhen &amp#27;[0m&amp#27;[32mUser enters non-existing product &amp#27;[0m&amp#27;[32m&amp#27;[1m"Honda"&amp#27;[0m&amp#27;[32m into Search field&amp#27;[0m                      &amp#27;[90m# stepdefinitions.Search.user_enters_non_existing_product_into_search_field(java.lang.String)&amp#27;[0m
  &amp#27;[32mAnd &amp#27;[0m&amp#27;[32mUser clicks on search button&amp#27;[0m                                                     &amp#27;[90m# stepdefinitions.Search.user_clicks_on_search_button()&amp#27;[0m
  &amp#27;[32mThen &amp#27;[0m&amp#27;[32mProper message informing the user about no product matching should be displayed&amp#27;[0m &amp#27;[90m# stepdefinitions.Search.proper_message_informing_the_user_about_no_product_matching_should_be_displayed()&amp#27;[0m
]]></system-out>
    <system-err><![CDATA[Mar 19, 2025 11:39:27 PM org.openqa.selenium.devtools.CdpVersionFinder findNearestMatch
WARNING: Unable to find an exact match for CDP version 134, returning the closest version; found: 132; Please update to a Selenium version that supports CDP version 134
]]></system-err>
  </testcase>
  <testcase name="Search without providing any product" classname="Search fuctionality" time="10.266">
    <system-out><![CDATA[
@search @noproduct @regression
Scenario: Search without providing any product                                         &amp#27;[90m# src/test/resources/features/Search.feature:20&amp#27;[0m
  &amp#27;[32mGiven &amp#27;[0m&amp#27;[32mUser opens the application&amp#27;[0m                                                     &amp#27;[90m# stepdefinitions.Search.user_opens_the_application()&amp#27;[0m
  &amp#27;[32mWhen &amp#27;[0m&amp#27;[32mUser dont enter any product into Search field&amp#27;[0m                                   &amp#27;[90m# stepdefinitions.Search.user_dont_enter_any_product_into_search_field()&amp#27;[0m
  &amp#27;[32mAnd &amp#27;[0m&amp#27;[32mUser clicks on search button&amp#27;[0m                                                     &amp#27;[90m# stepdefinitions.Search.user_clicks_on_search_button()&amp#27;[0m
  &amp#27;[32mThen &amp#27;[0m&amp#27;[32mProper message informing the user about no product matching should be displayed&amp#27;[0m &amp#27;[90m# stepdefinitions.Search.proper_message_informing_the_user_about_no_product_matching_should_be_displayed()&amp#27;[0m
]]></system-out>
    <system-err><![CDATA[Mar 19, 2025 11:39:38 PM org.openqa.selenium.devtools.CdpVersionFinder findNearestMatch
WARNING: Unable to find an exact match for CDP version 134, returning the closest version; found: 132; Please update to a Selenium version that supports CDP version 134
]]></system-err>
  </testcase>
</testsuite>