<?xml version="1.0" encoding="UTF-8"?>
<testsuite xmlns:xsi="http://www.w3.org/2001/XMLSchema-instance" xsi:noNamespaceSchemaLocation="https://maven.apache.org/surefire/maven-surefire-plugin/xsd/surefire-test-report.xsd" version="3.0.2" name="TestSuite" time="2.746" tests="13" errors="0" skipped="0" failures="0">
  <properties>
[...]
</properties>
  <testcase name="runScenario[&quot;Login with valid credentials&quot;, &quot;Login Functionality&quot;](1)" classname="runner.TestRunner" time="0.181">
    <system-out><![CDATA[
@all
Scenario Outline: Login with valid credentials       &amp#27;[90m# src/test/resources/features/Login.feature:14&amp#27;[0m
execution started for scenario Login with valid credentials
++ launch browser ++
++ maximize browser ++
  &amp#27;[32mGiven &amp#27;[0m&amp#27;[32mUser navigates to login page&amp#27;[0m                 &amp#27;[90m# stepdefinitions.Login.user_navigates_to_login_page()&amp#27;[0m
  &amp#27;[32mWhen &amp#27;[0m&amp#27;[32mUser enters valid email address &amp#27;[0m&amp#27;[32m&amp#27;[1mabc@gmail.com&amp#27;[0m &amp#27;[90m# stepdefinitions.Login.user_enters_valid_email_address(java.lang.String)&amp#27;[0m
  &amp#27;[32mAnd &amp#27;[0m&amp#27;[32mUser enters valid password &amp#27;[0m&amp#27;[32m&amp#27;[1m12345&amp#27;[0m               &amp#27;[90m# stepdefinitions.Login.user_enters_valid_password(java.lang.String)&amp#27;[0m
  &amp#27;[32mAnd &amp#27;[0m&amp#27;[32mUser clicks on login button&amp#27;[0m                    &amp#27;[90m# stepdefinitions.Login.user_clicks_on_login_button()&amp#27;[0m
  &amp#27;[32mThen &amp#27;[0m&amp#27;[32mUser should login successfully&amp#27;[0m                &amp#27;[90m# stepdefinitions.Login.user_should_login_successfully()&amp#27;[0m
execution ended for scenario Login with valid credentials
-- sign out --
-- close browser --
]]></system-out>
  </testcase>
  <testcase name="runScenario[&quot;Login with valid credentials&quot;, &quot;Login Functionality&quot;](2)" classname="runner.TestRunner" time="0.021">
    <system-out><![CDATA[
@all
Scenario Outline: Login with valid credentials        &amp#27;[90m# src/test/resources/features/Login.feature:15&amp#27;[0m
execution started for scenario Login with valid credentials
++ launch browser ++
++ maximize browser ++
  &amp#27;[32mGiven &amp#27;[0m&amp#27;[32mUser navigates to login page&amp#27;[0m                  &amp#27;[90m# stepdefinitions.Login.user_navigates_to_login_page()&amp#27;[0m
  &amp#27;[32mWhen &amp#27;[0m&amp#27;[32mUser enters valid email address &amp#27;[0m&amp#27;[32m&amp#27;[1mabcd@gmail.com&amp#27;[0m &amp#27;[90m# stepdefinitions.Login.user_enters_valid_email_address(java.lang.String)&amp#27;[0m
  &amp#27;[32mAnd &amp#27;[0m&amp#27;[32mUser enters valid password &amp#27;[0m&amp#27;[32m&amp#27;[1m12345&amp#27;[0m                &amp#27;[90m# stepdefinitions.Login.user_enters_valid_password(java.lang.String)&amp#27;[0m
  &amp#27;[32mAnd &amp#27;[0m&amp#27;[32mUser clicks on login button&amp#27;[0m                     &amp#27;[90m# stepdefinitions.Login.user_clicks_on_login_button()&amp#27;[0m
  &amp#27;[32mThen &amp#27;[0m&amp#27;[32mUser should login successfully&amp#27;[0m                 &amp#27;[90m# stepdefinitions.Login.user_should_login_successfully()&amp#27;[0m
execution ended for scenario Login with valid credentials
-- sign out --
-- close browser --
]]></system-out>
  </testcase>
  <testcase name="runScenario[&quot;Login with invalid credentials&quot;, &quot;Login Functionality&quot;](3)" classname="runner.TestRunner" time="0.055">
    <system-out><![CDATA[
@all
Scenario: Login with invalid credentials       &amp#27;[90m# src/test/resources/features/Login.feature:17&amp#27;[0m
execution started for scenario Login with invalid credentials
++ launch browser ++
++ maximize browser ++
  &amp#27;[32mGiven &amp#27;[0m&amp#27;[32mUser navigates to login page&amp#27;[0m           &amp#27;[90m# stepdefinitions.Login.user_navigates_to_login_page()&amp#27;[0m
  &amp#27;[32mWhen &amp#27;[0m&amp#27;[32mUser enters invalid email address &amp#27;[0m&amp#27;[32m&amp#27;[1m""&amp#27;[0m    &amp#27;[90m# stepdefinitions.Login.user_enters_invalid_email_address(java.lang.String)&amp#27;[0m
  &amp#27;[32mAnd &amp#27;[0m&amp#27;[32mUser enters invalid password &amp#27;[0m&amp#27;[32m&amp#27;[1m""&amp#27;[0m          &amp#27;[90m# stepdefinitions.Login.user_enters_invalid_password(java.lang.String)&amp#27;[0m
  &amp#27;[32mAnd &amp#27;[0m&amp#27;[32mUser clicks on login button&amp#27;[0m              &amp#27;[90m# stepdefinitions.Login.user_clicks_on_login_button()&amp#27;[0m
  &amp#27;[32mThen &amp#27;[0m&amp#27;[32mUser should get proper warning messsage&amp#27;[0m &amp#27;[90m# stepdefinitions.Login.user_should_get_proper_warning_messsage()&amp#27;[0m
execution ended for scenario Login with invalid credentials
-- sign out --
-- close browser --
]]></system-out>
  </testcase>
  <testcase name="runScenario[&quot;Login with valid email and invalid password&quot;, &quot;Login Functionality&quot;](4)" classname="runner.TestRunner" time="0.005">
    <system-out><![CDATA[
@all
Scenario: Login with valid email and invalid password &amp#27;[90m# src/test/resources/features/Login.feature:23&amp#27;[0m
execution started for scenario Login with valid email and invalid password
++ launch browser ++
++ maximize browser ++
  &amp#27;[32mGiven &amp#27;[0m&amp#27;[32mUser navigates to login page&amp#27;[0m                  &amp#27;[90m# stepdefinitions.Login.user_navigates_to_login_page()&amp#27;[0m
  &amp#27;[32mWhen &amp#27;[0m&amp#27;[32mUser enters valid email address &amp#27;[0m&amp#27;[32m&amp#27;[1m""&amp#27;[0m             &amp#27;[90m# stepdefinitions.Login.user_enters_valid_email_address(java.lang.String)&amp#27;[0m
  &amp#27;[32mAnd &amp#27;[0m&amp#27;[32mUser enters invalid password &amp#27;[0m&amp#27;[32m&amp#27;[1m""&amp#27;[0m                 &amp#27;[90m# stepdefinitions.Login.user_enters_invalid_password(java.lang.String)&amp#27;[0m
  &amp#27;[32mAnd &amp#27;[0m&amp#27;[32mUser clicks on login button&amp#27;[0m                     &amp#27;[90m# stepdefinitions.Login.user_clicks_on_login_button()&amp#27;[0m
  &amp#27;[32mThen &amp#27;[0m&amp#27;[32mUser should get proper warning messsage&amp#27;[0m        &amp#27;[90m# stepdefinitions.Login.user_should_get_proper_warning_messsage()&amp#27;[0m
execution ended for scenario Login with valid email and invalid password
-- sign out --
-- close browser --
]]></system-out>
  </testcase>
  <testcase name="runScenario[&quot;Login with invalid email and valid password&quot;, &quot;Login Functionality&quot;](5)" classname="runner.TestRunner" time="0.004">
    <system-out><![CDATA[
@all
Scenario: Login with invalid email and valid password &amp#27;[90m# src/test/resources/features/Login.feature:29&amp#27;[0m
execution started for scenario Login with invalid email and valid password
++ launch browser ++
++ maximize browser ++
  &amp#27;[32mGiven &amp#27;[0m&amp#27;[32mUser navigates to login page&amp#27;[0m                  &amp#27;[90m# stepdefinitions.Login.user_navigates_to_login_page()&amp#27;[0m
  &amp#27;[32mWhen &amp#27;[0m&amp#27;[32mUser enters invalid email address &amp#27;[0m&amp#27;[32m&amp#27;[1m""&amp#27;[0m           &amp#27;[90m# stepdefinitions.Login.user_enters_invalid_email_address(java.lang.String)&amp#27;[0m
  &amp#27;[32mAnd &amp#27;[0m&amp#27;[32mUser enters valid password &amp#27;[0m&amp#27;[32m&amp#27;[1m""&amp#27;[0m                   &amp#27;[90m# stepdefinitions.Login.user_enters_valid_password(java.lang.String)&amp#27;[0m
  &amp#27;[32mAnd &amp#27;[0m&amp#27;[32mUser clicks on login button&amp#27;[0m                     &amp#27;[90m# stepdefinitions.Login.user_clicks_on_login_button()&amp#27;[0m
  &amp#27;[32mThen &amp#27;[0m&amp#27;[32mUser should get proper warning messsage&amp#27;[0m        &amp#27;[90m# stepdefinitions.Login.user_should_get_proper_warning_messsage()&amp#27;[0m
execution ended for scenario Login with invalid email and valid password
-- sign out --
-- close browser --
]]></system-out>
  </testcase>
  <testcase name="runScenario[&quot;Login with no credentials&quot;, &quot;Login Functionality&quot;](6)" classname="runner.TestRunner" time="0.023">
    <system-out><![CDATA[
@all
Scenario: Login with no credentials            &amp#27;[90m# src/test/resources/features/Login.feature:35&amp#27;[0m
execution started for scenario Login with no credentials
++ launch browser ++
++ maximize browser ++
  &amp#27;[32mGiven &amp#27;[0m&amp#27;[32mUser navigates to login page&amp#27;[0m           &amp#27;[90m# stepdefinitions.Login.user_navigates_to_login_page()&amp#27;[0m
  &amp#27;[32mWhen &amp#27;[0m&amp#27;[32mUser do not enter email address&amp#27;[0m         &amp#27;[90m# stepdefinitions.Login.user_do_not_enter_email_address()&amp#27;[0m
  &amp#27;[32mAnd &amp#27;[0m&amp#27;[32mUser do not enter password&amp#27;[0m               &amp#27;[90m# stepdefinitions.Login.user_do_not_enter_password()&amp#27;[0m
  &amp#27;[32mAnd &amp#27;[0m&amp#27;[32mUser clicks on login button&amp#27;[0m              &amp#27;[90m# stepdefinitions.Login.user_clicks_on_login_button()&amp#27;[0m
  &amp#27;[32mThen &amp#27;[0m&amp#27;[32mUser should get proper warning messsage&amp#27;[0m &amp#27;[90m# stepdefinitions.Login.user_should_get_proper_warning_messsage()&amp#27;[0m
execution ended for scenario Login with no credentials
-- sign out --
-- close browser --
]]></system-out>
  </testcase>
  <testcase name="runScenario[&quot;Register with mandatory fields&quot;, &quot;Register functionality&quot;](7)" classname="runner.TestRunner" time="0.035">
    <system-out><![CDATA[
@all
Scenario: Register with mandatory fields        &amp#27;[90m# src/test/resources/features/Register.feature:7&amp#27;[0m
execution started for scenario Register with mandatory fields
++ launch browser ++
++ maximize browser ++
  &amp#27;[32mGiven &amp#27;[0m&amp#27;[32mUser navigates to Register account page&amp#27;[0m &amp#27;[90m# stepdefinitions.Register.user_navigates_to_register_account_page()&amp#27;[0m
null
kekare
sujaykekare123@gmail.com
1234
1234
  &amp#27;[32mWhen &amp#27;[0m&amp#27;[32mUser enters below details into fields&amp#27;[0m    &amp#27;[90m# stepdefinitions.Register.User_enters_below_details_into_fields(io.cucumber.datatable.DataTable)&amp#27;[0m
    | first name   | sujay                    |
    | lastname     | kekare                   |
    | emailaddress | sujaykekare123@gmail.com |
    | telephone    | 1234                     |
    | password     | 1234                     |
  &amp#27;[32mAnd &amp#27;[0m&amp#27;[32mSelects Privacy Policy field&amp#27;[0m              &amp#27;[90m# stepdefinitions.Register.selects_privacy_policy_field()&amp#27;[0m
  &amp#27;[32mAnd &amp#27;[0m&amp#27;[32mClicks on Continue button&amp#27;[0m                 &amp#27;[90m# stepdefinitions.Register.clicks_on_continue_button()&amp#27;[0m
  &amp#27;[32mThen &amp#27;[0m&amp#27;[32mAccount should be successfully created&amp#27;[0m   &amp#27;[90m# stepdefinitions.Register.account_should_be_successfully_created()&amp#27;[0m
execution ended for scenario Register with mandatory fields
-- sign out --
-- close browser --
]]></system-out>
  </testcase>
  <testcase name="runScenario[&quot;Register with all fields&quot;, &quot;Register functionality&quot;](8)" classname="runner.TestRunner" time="0.023">
    <system-out><![CDATA[
@all
Scenario: Register with all fields              &amp#27;[90m# src/test/resources/features/Register.feature:18&amp#27;[0m
execution started for scenario Register with all fields
++ launch browser ++
++ maximize browser ++
  &amp#27;[32mGiven &amp#27;[0m&amp#27;[32mUser navigates to Register account page&amp#27;[0m &amp#27;[90m# stepdefinitions.Register.user_navigates_to_register_account_page()&amp#27;[0m
null
kekare
sujaykekare123@gmail.com
1234
1234
  &amp#27;[32mWhen &amp#27;[0m&amp#27;[32mUser enters below details into fields&amp#27;[0m    &amp#27;[90m# stepdefinitions.Register.User_enters_below_details_into_fields(io.cucumber.datatable.DataTable)&amp#27;[0m
    | first name   | sujay                    |
    | lastname     | kekare                   |
    | emailaddress | sujaykekare123@gmail.com |
    | telephone    | 1234                     |
    | password     | 1234                     |
  &amp#27;[32mAnd &amp#27;[0m&amp#27;[32mSelects Yes for Newsletter&amp#27;[0m                &amp#27;[90m# stepdefinitions.Register.selects_yes_for_newsletter()&amp#27;[0m
  &amp#27;[32mAnd &amp#27;[0m&amp#27;[32mSelects Privacy Policy field&amp#27;[0m              &amp#27;[90m# stepdefinitions.Register.selects_privacy_policy_field()&amp#27;[0m
  &amp#27;[32mAnd &amp#27;[0m&amp#27;[32mClicks on Continue button&amp#27;[0m                 &amp#27;[90m# stepdefinitions.Register.clicks_on_continue_button()&amp#27;[0m
  &amp#27;[32mThen &amp#27;[0m&amp#27;[32mAccount should be successfully created&amp#27;[0m   &amp#27;[90m# stepdefinitions.Register.account_should_be_successfully_created()&amp#27;[0m
execution ended for scenario Register with all fields
-- sign out --
-- close browser --
]]></system-out>
  </testcase>
  <testcase name="runScenario[&quot;Register without providing any fields&quot;, &quot;Register functionality&quot;](9)" classname="runner.TestRunner" time="0.018">
    <system-out><![CDATA[
@all
Scenario: Register without providing any fields                     &amp#27;[90m# src/test/resources/features/Register.feature:30&amp#27;[0m
execution started for scenario Register without providing any fields
++ launch browser ++
++ maximize browser ++
  &amp#27;[32mGiven &amp#27;[0m&amp#27;[32mUser navigates to Register account page&amp#27;[0m                     &amp#27;[90m# stepdefinitions.Register.user_navigates_to_register_account_page()&amp#27;[0m
  &amp#27;[32mWhen &amp#27;[0m&amp#27;[32mUser dont enter details into any fields&amp#27;[0m                      &amp#27;[90m# stepdefinitions.Register.user_dont_enter_details_into_any_fields()&amp#27;[0m
  &amp#27;[32mAnd &amp#27;[0m&amp#27;[32mClicks on Continue button&amp#27;[0m                                     &amp#27;[90m# stepdefinitions.Register.clicks_on_continue_button()&amp#27;[0m
  &amp#27;[32mThen &amp#27;[0m&amp#27;[32mWarning messages should be displyaed in the mandatory fields&amp#27;[0m &amp#27;[90m# stepdefinitions.Register.warning_messages_should_be_displyaed_in_the_mandatory_fields()&amp#27;[0m
execution ended for scenario Register without providing any fields
-- sign out --
-- close browser --
]]></system-out>
  </testcase>
  <testcase name="runScenario[&quot;Register with duplicate email address field&quot;, &quot;Register functionality&quot;](10)" classname="runner.TestRunner" time="0.03">
    <system-out><![CDATA[
@all
Scenario: Register with duplicate email address field                        &amp#27;[90m# src/test/resources/features/Register.feature:35&amp#27;[0m
execution started for scenario Register with duplicate email address field
++ launch browser ++
++ maximize browser ++
  &amp#27;[32mGiven &amp#27;[0m&amp#27;[32mUser navigates to Register account page&amp#27;[0m                              &amp#27;[90m# stepdefinitions.Register.user_navigates_to_register_account_page()&amp#27;[0m
null
kekare
sujaykekare123@gmail.com
1234
1234
  &amp#27;[32mWhen &amp#27;[0m&amp#27;[32mUser enters below details into fields&amp#27;[0m                                 &amp#27;[90m# stepdefinitions.Register.User_enters_below_details_into_fields(io.cucumber.datatable.DataTable)&amp#27;[0m
    | first name   | sujay                    |
    | lastname     | kekare                   |
    | emailaddress | sujaykekare123@gmail.com |
    | telephone    | 1234                     |
    | password     | 1234                     |
  &amp#27;[32mAnd &amp#27;[0m&amp#27;[32mSelects Privacy Policy field&amp#27;[0m                                           &amp#27;[90m# stepdefinitions.Register.selects_privacy_policy_field()&amp#27;[0m
  &amp#27;[32mAnd &amp#27;[0m&amp#27;[32mClicks on Continue button&amp#27;[0m                                              &amp#27;[90m# stepdefinitions.Register.clicks_on_continue_button()&amp#27;[0m
  &amp#27;[32mThen &amp#27;[0m&amp#27;[32mUser should get proper warning messsage about duplicate email address&amp#27;[0m &amp#27;[90m# stepdefinitions.Register.user_should_get_proper_warning_messsage_about_duplicate_email_address()&amp#27;[0m
execution ended for scenario Register with duplicate email address field
-- sign out --
-- close browser --
]]></system-out>
  </testcase>
  <testcase name="runScenario[&quot;Search for a valid product&quot;, &quot;Search fuctionality&quot;](11)" classname="runner.TestRunner" time="0.03">
    <system-out><![CDATA[
@all @search @validproduct @smoke @regression
Scenario: Search for a valid product                  &amp#27;[90m# src/test/resources/features/Search.feature:8&amp#27;[0m
++ setup method ++
execution started for scenario Search for a valid product
++ launch browser ++
++ maximize browser ++
  &amp#27;[32mGiven &amp#27;[0m&amp#27;[32mUser opens the application&amp#27;[0m                    &amp#27;[90m# stepdefinitions.Search.user_opens_the_application()&amp#27;[0m
  &amp#27;[32mWhen &amp#27;[0m&amp#27;[32mUser enters valid product into Search field&amp#27;[0m    &amp#27;[90m# stepdefinitions.Search.user_enters_valid_product_into_search_field()&amp#27;[0m
  &amp#27;[32mAnd &amp#27;[0m&amp#27;[32mUser clicks on search button&amp#27;[0m                    &amp#27;[90m# stepdefinitions.Search.user_clicks_on_search_button()&amp#27;[0m
  &amp#27;[32mThen &amp#27;[0m&amp#27;[32mValid product should display in search results&amp#27;[0m &amp#27;[90m# stepdefinitions.Search.valid_product_should_display_in_search_results()&amp#27;[0m
execution ended for scenario Search for a valid product
-- sign out --
-- close browser --
-- tearDown method --
]]></system-out>
  </testcase>
  <testcase name="runScenario[&quot;Search for non-existing product&quot;, &quot;Search fuctionality&quot;](12)" classname="runner.TestRunner" time="0.039">
    <system-out><![CDATA[
@all @search @non-existingproduct @regression
Scenario: Search for non-existing product                                              &amp#27;[90m# src/test/resources/features/Search.feature:14&amp#27;[0m
++ setup method ++
execution started for scenario Search for non-existing product
++ launch browser ++
++ maximize browser ++
  &amp#27;[32mGiven &amp#27;[0m&amp#27;[32mUser opens the application&amp#27;[0m                                                     &amp#27;[90m# stepdefinitions.Search.user_opens_the_application()&amp#27;[0m
  &amp#27;[32mWhen &amp#27;[0m&amp#27;[32mUser enters non-existing product into Search field&amp#27;[0m                              &amp#27;[90m# stepdefinitions.Search.user_enters_non_existing_product_into_search_field()&amp#27;[0m
  &amp#27;[32mAnd &amp#27;[0m&amp#27;[32mUser clicks on search button&amp#27;[0m                                                     &amp#27;[90m# stepdefinitions.Search.user_clicks_on_search_button()&amp#27;[0m
  &amp#27;[32mThen &amp#27;[0m&amp#27;[32mProper message informing the user about no product matching should be displayed&amp#27;[0m &amp#27;[90m# stepdefinitions.Search.proper_message_informing_the_user_about_no_product_matching_should_be_displayed()&amp#27;[0m
execution ended for scenario Search for non-existing product
-- sign out --
-- close browser --
-- tearDown method --
]]></system-out>
  </testcase>
  <testcase name="runScenario[&quot;Search without providing any product&quot;, &quot;Search fuctionality&quot;](13)" classname="runner.TestRunner" time="0.017">
    <system-out><![CDATA[
@all @search @noproduct @regression
Scenario: Search without providing any product                                         &amp#27;[90m# src/test/resources/features/Search.feature:20&amp#27;[0m
++ setup method ++
execution started for scenario Search without providing any product
++ launch browser ++
++ maximize browser ++
  &amp#27;[32mGiven &amp#27;[0m&amp#27;[32mUser opens the application&amp#27;[0m                                                     &amp#27;[90m# stepdefinitions.Search.user_opens_the_application()&amp#27;[0m
  &amp#27;[32mWhen &amp#27;[0m&amp#27;[32mUser dont enter any product into Search field&amp#27;[0m                                   &amp#27;[90m# stepdefinitions.Search.user_dont_enter_any_product_into_search_field()&amp#27;[0m
  &amp#27;[32mAnd &amp#27;[0m&amp#27;[32mUser clicks on search button&amp#27;[0m                                                     &amp#27;[90m# stepdefinitions.Search.user_clicks_on_search_button()&amp#27;[0m
  &amp#27;[32mThen &amp#27;[0m&amp#27;[32mProper message informing the user about no product matching should be displayed&amp#27;[0m &amp#27;[90m# stepdefinitions.Search.proper_message_informing_the_user_about_no_product_matching_should_be_displayed()&amp#27;[0m
execution ended for scenario Search without providing any product
-- sign out --
-- close browser --
-- tearDown method --
]]></system-out>
  </testcase>
</testsuite>